<?xml version="1.0" encoding="UTF-8"?>
<testsuite xmlns:xsi="http://www.w3.org/2001/XMLSchema-instance" xsi:noNamespaceSchemaLocation="https://maven.apache.org/surefire/maven-surefire-plugin/xsd/surefire-test-report.xsd" name="cumcumberOptions.TestRunner" time="22.862" tests="7" errors="0" skipped="0" failures="0">
  <properties>
[...]
</properties>
  <testcase name="Given User on landing page" classname="Scenario: Logged in customer logout and login again to verify item in cart" time="0.001"/>
  <testcase name="When User click on sign in button" classname="Scenario: Logged in customer logout and login again to verify item in cart" time="0"/>
  <testcase name="Then Enter existing customer email id &quot;mike1@gmail.com&quot; and password &quot;abcd1234&quot;" classname="Scenario: Logged in customer logout and login again to verify item in cart" time="0"/>
  <testcase name="Then Click on sign in button in already registered box" classname="Scenario: Logged in customer logout and login again to verify item in cart" time="0"/>
  <testcase name="Then Verify user logged in and landed on my account page" classname="Scenario: Logged in customer logout and login again to verify item in cart" time="0"/>
  <testcase name="Then Find most expensive dress and add it to the cart" classname="Scenario: Logged in customer logout and login again to verify item in cart" time="0"/>
  <testcase name="Scenario: Logged in customer logout and login again to verify item in cart" classname="Scenario: Logged in customer logout and login again to verify item in cart" time="0.001"/>
</testsuite>