<?xml version="1.0" encoding="UTF-8"?>
<testsuite xmlns:xsi="http://www.w3.org/2001/XMLSchema-instance" xsi:noNamespaceSchemaLocation="https://maven.apache.org/surefire/maven-surefire-plugin/xsd/surefire-test-report.xsd" name="cumcumberOptions.TestRunner" time="80.279" tests="40" errors="2" skipped="0" failures="0">
  <properties>
[...]
</properties>
  <testcase name="Given User on landing page" classname="| Mike | Wills | abcd1234 | 1 Broadway | mike@gmail.com | 58962 | 07922228058455 | New York |" time="0"/>
  <testcase name="When User click on sign in button" classname="| Mike | Wills | abcd1234 | 1 Broadway | mike@gmail.com | 58962 | 07922228058455 | New York |" time="0"/>
  <testcase name="Then user enters &quot;mike@gmail.com&quot;" classname="| Mike | Wills | abcd1234 | 1 Broadway | mike@gmail.com | 58962 | 07922228058455 | New York |" time="0"/>
  <testcase name="Then Click on Create an account button" classname="| Mike | Wills | abcd1234 | 1 Broadway | mike@gmail.com | 58962 | 07922228058455 | New York |" time="0"/>
  <testcase name="Then Enter &quot;Mike&quot; &quot;Wills&quot; &quot;abcd1234&quot; &quot;1 Broadway&quot; &quot;New York&quot; &quot;58962&quot;&quot;07922228058455&quot;" classname="| Mike | Wills | abcd1234 | 1 Broadway | mike@gmail.com | 58962 | 07922228058455 | New York |" time="0"/>
  <testcase name="Then Select State &quot;New York&quot;" classname="| Mike | Wills | abcd1234 | 1 Broadway | mike@gmail.com | 58962 | 07922228058455 | New York |" time="0"/>
  <testcase name="Then Click on Register" classname="| Mike | Wills | abcd1234 | 1 Broadway | mike@gmail.com | 58962 | 07922228058455 | New York |" time="0"/>
  <testcase name="Then Verify user logged in and landed on my account page" classname="| Mike | Wills | abcd1234 | 1 Broadway | mike@gmail.com | 58962 | 07922228058455 | New York |" time="0"/>
  <testcase name="Then Click on Signout" classname="| Mike | Wills | abcd1234 | 1 Broadway | mike@gmail.com | 58962 | 07922228058455 | New York |" time="0"/>
  <testcase name="| Mike | Wills | abcd1234 | 1 Broadway | mike@gmail.com | 58962 | 07922228058455 | New York |" classname="| Mike | Wills | abcd1234 | 1 Broadway | mike@gmail.com | 58962 | 07922228058455 | New York |" time="0.39"/>
  <testcase name="Given User on landing page" classname="Scenario: Existing customer login" time="0.001"/>
  <testcase name="When User click on sign in button" classname="Scenario: Existing customer login" time="0"/>
  <testcase name="Then Enter existing customer email id &quot;mike1@gmail.com&quot; and password &quot;abcd1234&quot;" classname="Scenario: Existing customer login" time="0"/>
  <testcase name="Then Click on sign in button in already registered box" classname="Scenario: Existing customer login" time="0"/>
  <testcase name="Then Verify user logged in and landed on my account page" classname="Scenario: Existing customer login" time="0"/>
  <testcase name="Then Click on Signout" classname="Scenario: Existing customer login" time="0"/>
  <testcase name="Scenario: Existing customer login" classname="Scenario: Existing customer login" time="0.097"/>
  <testcase name="Given User on landing page" classname="Scenario: Find the most expensive dress and add to cart" time="0"/>
  <testcase name="When User click on sign in button" classname="Scenario: Find the most expensive dress and add to cart" time="0.011"/>
  <testcase name="Then user click on dresses menu" classname="Scenario: Find the most expensive dress and add to cart" time="0"/>
  <testcase name="Then user select listview" classname="Scenario: Find the most expensive dress and add to cart" time="0"/>
  <testcase name="Then user select Highest Price from the dropdown" classname="Scenario: Find the most expensive dress and add to cart" time="0"/>
  <testcase name="Then Find most expensive dress and add it to the cart" classname="Scenario: Find the most expensive dress and add to cart" time="0"/>
  <testcase name="Scenario: Find the most expensive dress and add to cart" classname="Scenario: Find the most expensive dress and add to cart" time="0.087"/>
  <testcase name="Given User on landing page" classname="Scenario: Logged in customer logout and login again to verify item in cart" time="0"/>
  <testcase name="When User click on sign in button" classname="Scenario: Logged in customer logout and login again to verify item in cart" time="0"/>
  <testcase name="When User click on sign in button" classname="Scenario: Logged in customer logout and login again to verify item in cart" time="0"/>
  <testcase name="Then Enter existing customer email id &quot;mike1@gmail.com&quot; and password &quot;abcd1234&quot;" classname="Scenario: Logged in customer logout and login again to verify item in cart" time="0"/>
  <testcase name="Then Enter existing customer email id &quot;mike1@gmail.com&quot; and password &quot;abcd1234&quot;" classname="Scenario: Logged in customer logout and login again to verify item in cart" time="0"/>
  <testcase name="Then Click on sign in button in already registered box" classname="Scenario: Logged in customer logout and login again to verify item in cart" time="0"/>
  <testcase name="Then Click on sign in button in already registered box" classname="Scenario: Logged in customer logout and login again to verify item in cart" time="0"/>
  <testcase name="Then Verify user logged in and landed on my account page" classname="Scenario: Logged in customer logout and login again to verify item in cart" time="0"/>
  <testcase name="Then user click on dresses menu" classname="Scenario: Logged in customer logout and login again to verify item in cart" time="0"/>
  <testcase name="Then user select listview" classname="Scenario: Logged in customer logout and login again to verify item in cart" time="0"/>
  <testcase name="Then user select Highest Price from the dropdown" classname="Scenario: Logged in customer logout and login again to verify item in cart" time="0"/>
  <testcase name="Then Find most expensive dress and add it to the cart" classname="Scenario: Logged in customer logout and login again to verify item in cart" time="0"/>
  <testcase name="Then Verify the item is still in the cart" classname="Scenario: Logged in customer logout and login again to verify item in cart" time="0"/>
  <testcase name="Then Verify the item is still in the cart" classname="Scenario: Logged in customer logout and login again to verify item in cart" time="0.02">
    <error message="no such element: Unable to locate element: {&quot;method&quot;:&quot;xpath&quot;,&quot;selector&quot;:&quot;//span[@class=&apos;heading-counter&apos;]&quot;}&#10;  (Session info: chrome=80.0.3987.122)&#10;For documentation on this error, please visit: https://www.seleniumhq.org/exceptions/no_such_element.html&#10;Build info: version: &apos;3.141.59&apos;, revision: &apos;e82be7d358&apos;, time: &apos;2018-11-14T08:17:03&apos;&#10;System info: host: &apos;RIXON7&apos;, ip: &apos;192.168.0.77&apos;, os.name: &apos;Windows 10&apos;, os.arch: &apos;amd64&apos;, os.version: &apos;10.0&apos;, java.version: &apos;1.8.0_241&apos;&#10;Driver info: org.openqa.selenium.chrome.ChromeDriver&#10;Capabilities {acceptInsecureCerts: false, browserName: chrome, browserVersion: 80.0.3987.122, chrome: {chromedriverVersion: 79.0.3945.36 (3582db32b3389..., userDataDir: C:\Users\rixon\AppData\Loca...}, goog:chromeOptions: {debuggerAddress: localhost:62135}, javascriptEnabled: true, networkConnectionEnabled: false, pageLoadStrategy: normal, platform: WINDOWS, platformName: WINDOWS, proxy: Proxy(), setWindowRect: true, strictFileInteractability: false, timeouts: {implicit: 0, pageLoad: 300000, script: 30000}, unhandledPromptBehavior: dismiss and notify}&#10;Session ID: a9282f174c291e81777d7f8f0ee6ab9d&#10;*** Element info: {Using=xpath, value=//span[@class=&apos;heading-counter&apos;]}" type="org.openqa.selenium.NoSuchElementException">org.openqa.selenium.NoSuchElementException: 
no such element: Unable to locate element: {"method":"xpath","selector":"//span[@class='heading-counter']"}
  (Session info: chrome=80.0.3987.122)
For documentation on this error, please visit: https://www.seleniumhq.org/exceptions/no_such_element.html
Build info: version: '3.141.59', revision: 'e82be7d358', time: '2018-11-14T08:17:03'
System info: host: 'RIXON7', ip: '192.168.0.77', os.name: 'Windows 10', os.arch: 'amd64', os.version: '10.0', java.version: '1.8.0_241'
Driver info: org.openqa.selenium.chrome.ChromeDriver
Capabilities {acceptInsecureCerts: false, browserName: chrome, browserVersion: 80.0.3987.122, chrome: {chromedriverVersion: 79.0.3945.36 (3582db32b3389..., userDataDir: C:\Users\rixon\AppData\Loca...}, goog:chromeOptions: {debuggerAddress: localhost:62135}, javascriptEnabled: true, networkConnectionEnabled: false, pageLoadStrategy: normal, platform: WINDOWS, platformName: WINDOWS, proxy: Proxy(), setWindowRect: true, strictFileInteractability: false, timeouts: {implicit: 0, pageLoad: 300000, script: 30000}, unhandledPromptBehavior: dismiss and notify}
Session ID: a9282f174c291e81777d7f8f0ee6ab9d
*** Element info: {Using=xpath, value=//span[@class='heading-counter']}
</error>
  </testcase>
  <testcase name="Then Click on Signout" classname="Scenario: Logged in customer logout and login again to verify item in cart" time="0"/>
  <testcase name="Scenario: Logged in customer logout and login again to verify item in cart" classname="Scenario: Logged in customer logout and login again to verify item in cart" time="0.021">
    <error message="no such element: Unable to locate element: {&quot;method&quot;:&quot;xpath&quot;,&quot;selector&quot;:&quot;//span[@class=&apos;heading-counter&apos;]&quot;}&#10;  (Session info: chrome=80.0.3987.122)&#10;For documentation on this error, please visit: https://www.seleniumhq.org/exceptions/no_such_element.html&#10;Build info: version: &apos;3.141.59&apos;, revision: &apos;e82be7d358&apos;, time: &apos;2018-11-14T08:17:03&apos;&#10;System info: host: &apos;RIXON7&apos;, ip: &apos;192.168.0.77&apos;, os.name: &apos;Windows 10&apos;, os.arch: &apos;amd64&apos;, os.version: &apos;10.0&apos;, java.version: &apos;1.8.0_241&apos;&#10;Driver info: org.openqa.selenium.chrome.ChromeDriver&#10;Capabilities {acceptInsecureCerts: false, browserName: chrome, browserVersion: 80.0.3987.122, chrome: {chromedriverVersion: 79.0.3945.36 (3582db32b3389..., userDataDir: C:\Users\rixon\AppData\Loca...}, goog:chromeOptions: {debuggerAddress: localhost:62135}, javascriptEnabled: true, networkConnectionEnabled: false, pageLoadStrategy: normal, platform: WINDOWS, platformName: WINDOWS, proxy: Proxy(), setWindowRect: true, strictFileInteractability: false, timeouts: {implicit: 0, pageLoad: 300000, script: 30000}, unhandledPromptBehavior: dismiss and notify}&#10;Session ID: a9282f174c291e81777d7f8f0ee6ab9d&#10;*** Element info: {Using=xpath, value=//span[@class=&apos;heading-counter&apos;]}" type="org.openqa.selenium.NoSuchElementException">org.openqa.selenium.NoSuchElementException: 
no such element: Unable to locate element: {"method":"xpath","selector":"//span[@class='heading-counter']"}
  (Session info: chrome=80.0.3987.122)
For documentation on this error, please visit: https://www.seleniumhq.org/exceptions/no_such_element.html
Build info: version: '3.141.59', revision: 'e82be7d358', time: '2018-11-14T08:17:03'
System info: host: 'RIXON7', ip: '192.168.0.77', os.name: 'Windows 10', os.arch: 'amd64', os.version: '10.0', java.version: '1.8.0_241'
Driver info: org.openqa.selenium.chrome.ChromeDriver
Capabilities {acceptInsecureCerts: false, browserName: chrome, browserVersion: 80.0.3987.122, chrome: {chromedriverVersion: 79.0.3945.36 (3582db32b3389..., userDataDir: C:\Users\rixon\AppData\Loca...}, goog:chromeOptions: {debuggerAddress: localhost:62135}, javascriptEnabled: true, networkConnectionEnabled: false, pageLoadStrategy: normal, platform: WINDOWS, platformName: WINDOWS, proxy: Proxy(), setWindowRect: true, strictFileInteractability: false, timeouts: {implicit: 0, pageLoad: 300000, script: 30000}, unhandledPromptBehavior: dismiss and notify}
Session ID: a9282f174c291e81777d7f8f0ee6ab9d
*** Element info: {Using=xpath, value=//span[@class='heading-counter']}
</error>
  </testcase>
</testsuite>